-------------------------------------------------------------------------------
Test set: com.hybris.hybris123.runtime.tests.Hybris123Tests
-------------------------------------------------------------------------------
Tests run: 1, Failures: 1, Errors: 0, Skipped: 0, Time elapsed: 48.484 s <<< FAILURE! - in com.hybris.hybris123.runtime.tests.Hybris123Tests
loginAndCheckForConcertToursExtension(com.hybris.hybris123.runtime.tests.Hybris123Tests)  Time elapsed: 48.411 s  <<< FAILURE!
java.lang.AssertionError: 
Connect Exception: session not created: This version of ChromeDriver only supports Chrome version 75
Build info: version: '3.14.0', revision: 'aacccce0', time: '2018-08-02T20:19:58.91Z'
System info: host: 'miztlis-MacBook-Pro.local', ip: 'fe80:0:0:0:148b:fdc4:b8df:c465%en0', os.name: 'Mac OS X', os.arch: 'x86_64', os.version: '10.14.4', java.version: '1.8.0_211'
Driver info: driver.version: ChromeDriver
remote stacktrace: 0   chromedriver                        0x00000001054e28e9 chromedriver + 3594473
1   chromedriver                        0x0000000105472543 chromedriver + 3134787
2   chromedriver                        0x000000010521e29f chromedriver + 692895
3   chromedriver                        0x000000010518c72b chromedriver + 96043
4   chromedriver                        0x00000001051887d8 chromedriver + 79832
5   chromedriver                        0x00000001051b46db chromedriver + 259803
6   chromedriver                        0x00000001051b1d13 chromedriver + 249107
7   chromedriver                        0x000000010518e78a chromedriver + 104330
8   chromedriver                        0x000000010518f7d5 chromedriver + 108501
9   chromedriver                        0x00000001054a1555 chromedriver + 3327317
10  chromedriver                        0x00000001054ace60 chromedriver + 3374688
11  chromedriver                        0x00000001054acbf8 chromedriver + 3374072
12  chromedriver                        0x0000000105480d39 chromedriver + 3194169
13  chromedriver                        0x00000001054ad6d8 chromedriver + 3376856
14  chromedriver                        0x0000000105494f27 chromedriver + 3276583
15  chromedriver                        0x00000001054ca064 chromedriver + 3493988
16  chromedriver                        0x00000001054e8617 chromedriver + 3618327
17  libsystem_pthread.dylib             0x00007fff6f3d92eb _pthread_body + 126
18  libsystem_pthread.dylib             0x00007fff6f3dc249 _pthread_start + 66
19  libsystem_pthread.dylib             0x00007fff6f3d840d thread_start + 13

	at com.hybris.hybris123.runtime.tests.Hybris123Tests.fail(Hybris123Tests.java:596)
	at com.hybris.hybris123.runtime.tests.Hybris123Tests.loginAndCheckForConcertToursExtension(Hybris123Tests.java:309)

