-------------------------------------------------------------------------------
Test set: com.hybris.hybris123.runtime.tests.Hybris123Tests
-------------------------------------------------------------------------------
Tests run: 1, Failures: 1, Errors: 0, Skipped: 0, Time elapsed: 0.288 s <<< FAILURE! - in com.hybris.hybris123.runtime.tests.Hybris123Tests
testAsyncEventInterceptorIntegrationTest(com.hybris.hybris123.runtime.tests.Hybris123Tests)  Time elapsed: 0.214 s  <<< FAILURE!
java.lang.AssertionError
	at com.hybris.hybris123.runtime.tests.Hybris123Tests.assertTrue(Hybris123Tests.java:585)
	at com.hybris.hybris123.runtime.tests.Hybris123Tests.assertTrue(Hybris123Tests.java:574)
	at com.hybris.hybris123.runtime.tests.Hybris123Tests.testAsyncEventInterceptorIntegrationTest(Hybris123Tests.java:511)

