<?xml version="1.0" encoding="UTF-8"?>
<testsuite xmlns:xsi="http://www.w3.org/2001/XMLSchema-instance" xsi:noNamespaceSchemaLocation="https://maven.apache.org/surefire/maven-surefire-plugin/xsd/surefire-test-report.xsd" name="com.hybris.hybris123.runtime.tests.Hybris123Tests" time="0.288" tests="1" errors="0" skipped="0" failures="1">
  <properties>
[...]
</properties>
  <testcase name="testAsyncEventInterceptorIntegrationTest" classname="com.hybris.hybris123.runtime.tests.Hybris123Tests" time="0.214">
    <failure type="java.lang.AssertionError">java.lang.AssertionError
	at com.hybris.hybris123.runtime.tests.Hybris123Tests.assertTrue(Hybris123Tests.java:585)
	at com.hybris.hybris123.runtime.tests.Hybris123Tests.assertTrue(Hybris123Tests.java:574)
	at com.hybris.hybris123.runtime.tests.Hybris123Tests.testAsyncEventInterceptorIntegrationTest(Hybris123Tests.java:511)
</failure>
    <system-out><![CDATA[checkTestSuiteXMLMatches failed: <?xml version="1.0" encoding="UTF-8" ?><testsuites>  <testsuite errors="0" failures="0" hostname="miztlis-MacBook-Pro.local" id="0" name="ConcertDaysUntilAttributeHandlerIntegrationTest" package="concerttours.attributehandlers" tests="3" time="5.051" timestamp="2019-05-16T17:46:16">      <testcase classname="concerttours.attributehandlers.ConcertDaysUntilAttributeHandlerIntegrationTest" name="testGetNullConcertDate" time="0.016" />      <testcase classname="concerttours.attributehandlers.ConcertDaysUntilAttributeHandlerIntegrationTest" name="testGetFutureConcertDate" time="0.014" />      <testcase classname="concerttours.attributehandlers.ConcertDaysUntilAttributeHandlerIntegrationTest" name="testGetPastConcertDate" time="0.013" />      <system-out><![CDATA[]]]]><![CDATA[></system-out>      <system-err><![CDATA[]]]]><![CDATA[></system-err>  </testsuite>  <testsuite errors="0" failures="0" hostname="miztlis-MacBook-Pro.local" id="1" name="BandAlbumSalesEventListenerIntegrationTest" package="concerttours.events" tests="3" time="10.106" timestamp="2019-05-16T17:46:26">      <testcase classname="concerttours.events.BandAlbumSalesEventListenerIntegrationTest" name="testValidationInterceptor" time="1.244" />      <testcase classname="concerttours.events.BandAlbumSalesEventListenerIntegrationTest" name="testEventSending" time="1.014" />      <testcase classname="concerttours.events.BandAlbumSalesEventListenerIntegrationTest" name="testEventSendingAsync" time="2.845" />      <system-out><![CDATA[]]]]><![CDATA[></system-out>      <system-err><![CDATA[]]]]><![CDATA[></system-err>  </testsuite>  <testsuite errors="0" failures="0" hostname="miztlis-MacBook-Pro.local" id="2" name="DefaultBandFacadeIntegrationTest" package="concerttours.facades.impl" tests="3" time="5.578" timestamp="2019-05-16T17:46:02">      <testcase classname="concerttours.facades.impl.DefaultBandFacadeIntegrationTest" name="testInvalidParameter" time="0.045" />      <testcase classname="concerttours.facades.impl.DefaultBandFacadeIntegrationTest" name="testNullParameter" time="0.021" />      <testcase classname="concerttours.facades.impl.DefaultBandFacadeIntegrationTest" name="testBandFacade" time="0.504" />      <system-out><![CDATA[]]]]><![CDATA[></system-out>      <system-err><![CDATA[]]]]><![CDATA[></system-err>  </testsuite>  <testsuite errors="0" failures="0" hostname="miztlis-MacBook-Pro.local" id="3" name="ConcerttoursTest" package="concerttours.jalo" tests="1" time="5.131" timestamp="2019-05-16T17:45:57">      <testcase classname="concerttours.jalo.ConcerttoursTest" name="testConcerttours" time="0.091" />      <system-out><![CDATA[INFO  [main] [TenantStartupNotifier] Using default implementation of TenantStartupNotifier for tenant <<junit>>[-392182260]INFO  [main] [TenantStartupNotifier] Instantiating de.hybris.platform.core.BlockingTenantStartupNotifier for tenant <<junit>>[-392182260].INFO  [main] [TenantStartupNotifier] Using default implementation of TenantStartupNotifier for tenant <<master>>INFO  [main] [TenantStartupNotifier] Instantiating de.hybris.platform.core.BlockingTenantStartupNotifier for tenant <<master>>.>>> No SAP licenses found in the system. Trying fallback to hybris license.INFO  [main] [Registry] Using additional Trust Store set in the hybris properties.INFO  [main] [JerseyClientDefaultSslContextProvider] Jersey client will use jvm default SSLContextINFO  [main] [Registry] Additional Trust Store has been merged with the default SSLContext.INFO  [main] [DefaultClusterNodeManagementService] Automatic cluster ID discovery disabled. Configured ID: 0INFO  [main] [TenantStartupNotifier] Using default implementation of TenantStartupNotifier for tenant <<t1>>[1053658413]INFO  [main] [TenantStartupNotifier] Instantiating de.hybris.platform.core.BlockingTenantStartupNotifier for tenant <<t1>>[1053658413].INFO  [main] [TenantStartupNotifier] Using default implementation of TenantStartupNotifier for tenant <<t2>>[-1016035143]INFO  [main] [TenantStartupNotifier] Instantiating de.hybris.platform.core.BlockingTenantStartupNotifier for tenant <<t2>>[-1016035143].INFO  [main] [TenantStartupNotifier] Using default implementation of TenantStartupNotifier for tenant <<foo>>[-583368682]INFO  [main] [TenantStartupNotifier] Instantiating de.hybris.platform.core.BlockingTenantStartupNotifier for tenant <<foo>>[-583368682].INFO  [main] (junit) [AbstractTenant] Created master data source DataSourceImpl<<junit/master>>INFO  [main] (junit) [AbstractTenant] Created alternative data source "alt1"INFO  [main] (junit) [AbstractTenant] Created alternative data source "alt2"INFO  [main] (junit) [AbstractTenant] Created alternative data source "a"INFO  [main] (junit) [AbstractTenant] Created alternative data source "b"INFO  [main] (junit) [AbstractTenant] Created alternative data source "c"INFO  [main] (junit) [DefaultBroadcastService] Started message broadcast service:clustering (enabled:false)sending synchronously - no queuemethods [<loopback>::de.hybris.platform.cluster.LoopBackBroadcastMethod@64bfd6fd]INFO  [main] (junit) [hybrisserver] INFO  [main] (junit) [hybrisserver] *****************************************************************INFO  [main] (junit) [hybrisserver] INFO  [main] (junit) [hybrisserver] Starting up hybris serverINFO  [main] (junit) [hybrisserver] INFO  [main] (junit) [hybrisserver] Configuration:INFO  [main] (junit) [hybrisserver] INFO  [main] (junit) [hybrisserver] Cluster:     disabledINFO  [main] (junit) [hybrisserver] Tenant:      junitINFO  [main] (junit) [hybrisserver] Mode:        developmentINFO  [main] (junit) [hybrisserver] OS:          Mac OS X 10.14.4, x86_64INFO  [main] (junit) [hybrisserver] Database:    Pool: hybris - hsqldb, table prefix: junit_INFO  [main] (junit) [hybrisserver]              SA - jdbc:hsqldb:file:/Users/miztlimelgoza/workspace/personal/hybris_tutorial/platform_only_recipe/hybris/data/hsqldb/mydb;shutdown=true;hsqldb.tx=MVCCINFO  [main] (junit) [hybrisserver] Platform:    1811.5INFO  [main] (junit) [hybrisserver] Java:        Oracle CorporationINFO  [main] (junit) [hybrisserver]              Java(TM) SE Runtime Environment, 1.8.0_211-b12INFO  [main] (junit) [hybrisserver]              /Library/Java/JavaVirtualMachines/jdk1.8.0_211.jdk/Contents/Home/jreINFO  [main] (junit) [hybrisserver] VM Locale:   language=en,country=MX,region=nullINFO  [main] (junit) [hybrisserver] Cache:       RegionCache is not yet initialized. [de.hybris.platform.cache.impl.RegionCacheAdapter]INFO  [main] (junit) [hybrisserver] Server type: tomcatINFO  [main] (junit) [hybrisserver] INFO  [main] (junit) [hybrisserver] *****************************************************************INFO  [main] (junit) [hybrisserver] INFO  [main] (junit) [hybrisserver] ---------------------------------------------------------------INFO  [main] (junit) [hybrisserver] --- Extensions in dependency order ( options: INFO  [main] (junit) [hybrisserver] ---  @deprecated: is deprecated, p: platform extension,*: auto-required INFO  [main] (junit) [hybrisserver] ---  ?: lazy-loaded, i: got items.xml, b: got beans.xml, c: got core module INFO  [main] (junit) [hybrisserver] ---  w: got web module ) INFO  [main] (junit) [hybrisserver] ---------------------------------------------------------------INFO  [main] (junit) [hybrisserver] core 1811.5 [p*cib]INFO  [main] (junit) [hybrisserver] paymentstandard 1811.5 [p*ci]INFO  [main] (junit) [hybrisserver] maintenanceweb 1811.5 [p*w]INFO  [main] (junit) [hybrisserver] testweb 1811.5 [p*w]INFO  [main] (junit) [hybrisserver] deliveryzone 1811.5 [p*ci]INFO  [main] (junit) [hybrisserver] commons 1811.5 [p*ci]INFO  [main] (junit) [hybrisserver] mediaweb 1811.5 [p*cw]INFO  [main] (junit) [hybrisserver] scripting 1811.5 [p*ci]INFO  [main] (junit) [hybrisserver] processing->(scripting,commons) 1811.5 [p*cibw]INFO  [main] (junit) [hybrisserver] impex->processing 1811.5 [p*ci]INFO  [main] (junit) [hybrisserver] validation->impex 1811.5 [p*ci]INFO  [main] (junit) [hybrisserver] catalog->(validation,commons) 1811.5 [p*cib]INFO  [main] (junit) [hybrisserver] advancedsavedquery->(impex,catalog,processing) 1811.5 [p*ci]INFO  [main] (junit) [hybrisserver] europe1->(impex,catalog) 1811.5 [p*ci]INFO  [main] (junit) [hybrisserver] platformservices->(paymentstandard,impex,deliveryzone,europe1,processing) 1811.5 [p*cb]INFO  [main] (junit) [hybrisserver] workflow->(catalog,platformservices,processing,commons) 1811.5 [p*ci]INFO  [main] (junit) [hybrisserver] comments->(workflow,impex,catalog,processing) 1811.5 [p*ci]INFO  [main] (junit) [hybrisserver] oauth2->platformservices 1811.5 [p*cibw]INFO  [main] (junit) [hybrisserver] hac->(impex,catalog,processing,platformservices) 1811.5 [p*cw]INFO  [main] (junit) [hybrisserver] concerttours 1811.5 [cibw] path:/Users/miztlimelgoza/workspace/personal/hybris_tutorial/platform_only_recipe/hybris/bin/custom/concerttoursINFO  [main] (junit) [hybrisserver] ---------------------------------------------------------------INFO  [main] (junit) [HybrisContextFactory] Loading <<global>> spring config from extension (core) located in (global-core-spring.xml,core-cache.xml,global-servicelayer-spring.xml,global-core-jmx-spring.xml,global-statistics-spring.xml) took: (227.4 ms)INFO  [main] (junit) [HybrisContextFactory] - Refreshing SpringContext (Global context) took: (243.3 ms)INFO  [main] (junit) [HybrisContextFactory] Initializing <<global>> Spring ApplicationContext took: (510.4 ms)INFO  [main] (junit) [HybrisContextFactory] Loading <<application>> spring config <junit> from extension (core) located in (core-spring.xml,core-media-spring.xml,persistence-spring.xml,core-profiling-spring.xml,core-jmx-spring.xml,core-filter-spring.xml,servicelayer-spring.xml,user-spring.xml,security-spring.xml,media-spring.xml,i18n-spring.xml,interceptor-spring.xml,event-spring.xml,test/test-core-spring.xml,test/test-impex-spring.xml) took: (150.0 ms)INFO  [main] (junit) [HybrisContextFactory] Loading <<application>> spring config <junit> from extension (commons) located in (commons-spring.xml) took: (7.469 ms)INFO  [main] (junit) [HybrisContextFactory] Loading <<application>> spring config <junit> from extension (scripting) located in (scripting-spring.xml) took: (8.854 ms)INFO  [main] (junit) [HybrisContextFactory] Loading <<application>> spring config <junit> from extension (processing) located in (processing-spring.xml,cronjob-spring.xml,task-spring.xml,processengine-spring.xml,processing-jmx-spring.xml,processing-distributed-spring.xml,test/test-processing-spring.xml) took: (47.14 ms)INFO  [main] (junit) [HybrisContextFactory] Loading <<application>> spring config <junit> from extension (impex) located in (impex-spring.xml) took: (5.305 ms)INFO  [main] (junit) [HybrisContextFactory] Loading <<application>> spring config <junit> from extension (validation) located in (validation-spring.xml) took: (9.891 ms)INFO  [main] (junit) [HybrisContextFactory] Loading <<application>> spring config <junit> from extension (europe1) located in (europe1-spring.xml) took: (5.239 ms)INFO  [main] (junit) [HybrisContextFactory] Loading <<application>> spring config <junit> from extension (platformservices) located in (catalog-spring.xml,order-spring.xml,product-spring.xml,category-spring.xml,classification-spring.xml,jobs-spring.xml,converters-spring.xml,audit-spring.xml) took: (47.80 ms)INFO  [main] (junit) [HybrisContextFactory] Loading <<application>> spring config <junit> from extension (workflow) located in (workflow-spring.xml) took: (6.069 ms)INFO  [main] (junit) [HybrisContextFactory] Loading <<application>> spring config <junit> from extension (comments) located in (comments-spring.xml) took: (5.224 ms)INFO  [main] (junit) [HybrisContextFactory] Loading <<application>> spring config <junit> from extension (oauth2) located in (oauth2-spring.xml) took: (6.649 ms)INFO  [main] (junit) [HybrisContextFactory] Loading <<application>> spring config <junit> from extension (hac) located in (hac-spring.xml) took: (5.496 ms)INFO  [main] (junit) [HybrisContextFactory] Loading <<application>> spring config <junit> from extension (concerttours) located in (concerttours-spring.xml) took: (36.14 ms)INFO  [main] (junit) [LazyInitOverrideBeanFactoryPostProcessor] Setting lazy-init='false' for configuration beansINFO  [main] (junit) [EHCacheRegion] EHCacheRegion entityCacheRegion, eviction policy FIFO, size 100000INFO  [main] (junit) [EHCacheRegion] EHCacheRegion queryCacheRegion, eviction policy FIFO, size 20000INFO  [main] (junit) [EHCacheRegion] EHCacheRegion sessionCacheRegion, eviction policy LRU, size 50000INFO  [main] (junit) [DefaultCacheController] Regioncache initialized with region count 6INFO  [main] (junit) [DefaultCacheController] Cache region: Name: typesystemCacheRegion, size: 0, types: [81, 82, 83, 84, 87], statistics: true, class: class de.hybris.platform.regioncache.region.impl.UnlimitedCacheRegionINFO  [main] (junit) [DefaultCacheController] Cache region: Name: entityCacheRegion, size: 100000, types: [__ALL_TYPES__, __NO_QUERY__], exclusive computation: false, statistics: true, class: class de.hybris.platform.regioncache.region.impl.EHCacheRegionINFO  [main] (junit) [DefaultCacheController] Cache region: Name: queryCacheRegion, size: 20000, types: [__QUERY_CACHE__], exclusive computation: false, statistics: true, class: class de.hybris.platform.regioncache.region.impl.EHCacheRegionINFO  [main] (junit) [DefaultCacheController] Cache region: Name: mediaCacheRegion, size: 0, types: [__MEDIA__cache], statistics: true, class: class de.hybris.platform.media.storage.impl.MediaCacheRegionINFO  [main] (junit) [DefaultCacheController] Cache region: Name: scriptsCacheRegion, size: 0, types: [__SCRIPT__], statistics: true, class: class de.hybris.platform.scripting.engine.internal.cache.impl.ScriptsCacheRegionINFO  [main] (junit) [DefaultCacheController] Cache region: Name: sessionCacheRegion, size: 50000, types: [__SESSION__], exclusive computation: false, statistics: true, class: class de.hybris.platform.regioncache.region.impl.EHCacheRegionINFO  [main] (junit) [DefaultCacheController] Registered Listener de.hybris.platform.media.storage.impl.DefaultLocalMediaFileCacheService$MediaCacheLifecycleCallback@51a8aed8 on cache controller. Currently registered 1INFO  [main] (junit) [HybrisSpringSessionFilter] Hybris Spring Session filter disabledINFO  [main] (junit) [Reflections] Reflections took 48 ms to scan 1 urls, producing 9 keys and 16 values INFO  [main] (junit) [Reflections] Reflections took 0 ms to scan 1 urls, producing 2 keys and 5 values INFO  [main] (junit) [ListMergeDirectiveBeanPostProcessor] Post Processing ListMergeDirective [priceProcessorsMergeDirective] on Bean [defaultPriceProcessors]INFO  [main] (junit) [ListMergeDirectiveBeanPostProcessor] Post Processing ListMergeDirective [discountProcessorsMergeDirective] on Bean [defaultDiscountProcessors]INFO  [main] (junit) [ListMergeDirectiveBeanPostProcessor] Post Processing ListMergeDirective [taxProcessorsMergeDirective] on Bean [defaultTaxProcessors]INFO  [main] (junit) [PricingCustomizationDetector] PDT smart calculation mode is enabled (pdt.calculation.mode=smart). This setting is not recommended for production environment.INFO  [main] (junit) [StatisticsService] adding chart memoryChartINFO  [main] (junit) [StatisticsService] adding chart threadsChartINFO  [main] (junit) [StatisticsService] adding chart osChartINFO  [main] (junit) [StatisticsService] adding chart sessionsChartINFO  [main] (junit) [StatisticsService] adding chart taskQueueSizeChart_junitINFO  [main] (junit) [StatisticsService] adding chart taskQueuePoolingSizeChart_junitINFO  [main] (junit) [StatisticsService] adding chart dbConnectionsInUseChart_junitINFO  [main] (junit) [HybrisContextFactory] - Refreshing SpringContext (hybris Application context - junit) took: (10.53 s)INFO  [main] (junit) [HybrisContextFactory] Initializing application Spring ApplicationContext for tenant junit  took: (10.88 s)INFO  [main] (junit) [BlockingTenantStartupNotifier] Scheduling 10 tenant startup listeners to be notified for tenant <<junit>>[-392182260]INFO  [main] (junit) [BlockingTenantStartupNotifier] Starting notifing listeners for tenant <<junit>>[-392182260].INFO  [AfterSaveEventPublisher-junit] (junit) [BlockingTenantStartupNotifier] Other thread is already notifying listeners for tenant <<junit>>[-392182260].INFO  [main] (junit) [BlockingTenantStartupNotifier] Executing startup listeners for tenant <<junit>>[-392182260].INFO  [AfterSaveEventPublisher-junit] (junit) [BlockingTenantStartupNotifier] Waiting for other thread to finish notifying listeners for tenant <<junit>>[-392182260].INFO  [main] (junit) [BlockingTenantStartupNotifier] Notifying de.hybris.platform.core.JMXBeanLoader@42a5bdaf for tenant <<junit>>[-392182260].INFO  [main] (junit) [BlockingTenantStartupNotifier] de.hybris.platform.core.JMXBeanLoader@42a5bdaf has finished successfully in 39.17 ms.INFO  [main] (junit) [BlockingTenantStartupNotifier] Notifying de.hybris.platform.cronjob.jalo.CronJobManager$CronJobTenantListener@431bf770 for tenant <<junit>>[-392182260].INFO  [main] (junit) [DefaultCacheController] Registered Listener RegionCacheAdapter(1613255948) - <<junit>> on cache controller. Currently registered 2INFO  [main] (junit) [DefaultTaskService] Task engine starting up (min:10 max:10 idle:20s interval:2s)INFO  [Task-junit-poll] (junit) [BlockingTenantStartupNotifier] Other thread is already notifying listeners for tenant <<junit>>[-392182260].INFO  [Task-junit-poll] (junit) [BlockingTenantStartupNotifier] Waiting for other thread to finish notifying listeners for tenant <<junit>>[-392182260].INFO  [main] (junit) [BlockingTenantStartupNotifier] de.hybris.platform.cronjob.jalo.CronJobManager$CronJobTenantListener@431bf770 has finished successfully in 326.3 ms.INFO  [main] (junit) [BlockingTenantStartupNotifier] Notifying de.hybris.platform.cluster.DefaultBroadcastService$1$1@ddd0e97 for tenant <<junit>>[-392182260].INFO  [main] (junit) [BlockingTenantStartupNotifier] de.hybris.platform.cluster.DefaultBroadcastService$1$1@ddd0e97 has finished successfully in 5.006 s.INFO  [main] (junit) [BlockingTenantStartupNotifier] Notifying de.hybris.platform.spring.HybrisRequestScope$1@6e7d874c for tenant <<junit>>[-392182260].INFO  [main] (junit) [BlockingTenantStartupNotifier] de.hybris.platform.spring.HybrisRequestScope$1@6e7d874c has finished successfully in 15.50 μs.INFO  [main] (junit) [BlockingTenantStartupNotifier] Notifying de.hybris.platform.servicelayer.internal.model.impl.ModelContextProxy$2@7d6f31ef for tenant <<junit>>[-392182260].INFO  [main] (junit) [BlockingTenantStartupNotifier] de.hybris.platform.servicelayer.internal.model.impl.ModelContextProxy$2@7d6f31ef has finished successfully in 14.90 μs.INFO  [main] (junit) [BlockingTenantStartupNotifier] Notifying de.hybris.platform.jalo.user.UserManager$1@43051a8d for tenant <<junit>>[-392182260].INFO  [main] (junit) [BlockingTenantStartupNotifier] de.hybris.platform.jalo.user.UserManager$1@43051a8d has finished successfully in 38.62 μs.INFO  [main] (junit) [BlockingTenantStartupNotifier] Notifying de.hybris.platform.directpersistence.selfhealing.impl.DefaultSelfHealingService$2@70916715 for tenant <<junit>>[-392182260].INFO  [main] (junit) [BlockingTenantStartupNotifier] de.hybris.platform.directpersistence.selfhealing.impl.DefaultSelfHealingService$2@70916715 has finished successfully in 450.9 μs.INFO  [main] (junit) [BlockingTenantStartupNotifier] Notifying de.hybris.platform.servicelayer.web.session.persister.AsyncSessionPersister$1@76b06e50 for tenant <<junit>>[-392182260].INFO  [main] (junit) [AsyncSessionPersister] No need to start async session persister since asynchronous session persistence is not configured.INFO  [main] (junit) [BlockingTenantStartupNotifier] de.hybris.platform.servicelayer.web.session.persister.AsyncSessionPersister$1@76b06e50 has finished successfully in 459.3 μs.INFO  [main] (junit) [BlockingTenantStartupNotifier] Notifying de.hybris.platform.util.config.RuntimeConfigUpdateListener@66d8a602 for tenant <<junit>>[-392182260].INFO  [main] (junit) [BlockingTenantStartupNotifier] de.hybris.platform.util.config.RuntimeConfigUpdateListener@66d8a602 has finished successfully in 3.241 ms.INFO  [main] (junit) [BlockingTenantStartupNotifier] Notifying de.hybris.platform.order.strategies.calculation.impl.internal.PricingCustomizationDetector$PricingCustomizationDetectorListener@a8dedda for tenant <<junit>>[-392182260].INFO  [RuntimeConfigRefreshRunner (junit)] (junit) [BlockingTenantStartupNotifier] Other thread is already notifying listeners for tenant <<junit>>[-392182260].INFO  [RuntimeConfigRefreshRunner (junit)] (junit) [BlockingTenantStartupNotifier] Waiting for other thread to finish notifying listeners for tenant <<junit>>[-392182260].INFO  [main] (junit) [BlockingTenantStartupNotifier] de.hybris.platform.order.strategies.calculation.impl.internal.PricingCustomizationDetector$PricingCustomizationDetectorListener@a8dedda has finished successfully in 278.9 μs.INFO  [main] (junit) [BlockingTenantStartupNotifier] All listeners for tenant <<junit>>[-392182260] have been notified in 5.378 s.INFO  [main] (junit) [BlockingTenantStartupNotifier] Finished notifing listeners for tenant <<junit>>[-392182260].INFO  [AfterSaveEventPublisher-junit] (junit) [BlockingTenantStartupNotifier] Finished waiting for tenant <<junit>>[-392182260] in 5.379 s.INFO  [Task-junit-poll] (junit) [BlockingTenantStartupNotifier] Finished waiting for tenant <<junit>>[-392182260] in 5.022 s.INFO  [RuntimeConfigRefreshRunner (junit)] (junit) [BlockingTenantStartupNotifier] Finished waiting for tenant <<junit>>[-392182260] in 563.8 μs.INFO  [Task-junit-poll] (junit) [DefaultTaskService] Polling thread started.INFO  [Task-junit-poll] (junit) [DefaultModelConverterRegistry] loading model converters: INFO  [Task-junit-poll] (junit) [DefaultModelConverterRegistry] 	pre-fetch mode:defaultINFO  [main] (junit) [LogRunListener] Starting test class concerttours.jalo.ConcerttoursTestINFO  [main] (junit) [LogRunListener] Starting test method testConcerttours(concerttours.jalo.ConcerttoursTest)INFO  [main] (junit) [LogRunListener] Finished test method testConcerttours(concerttours.jalo.ConcerttoursTest) in 0 secondsINFO  [main] (junit) [OpenDBConnectionRunListener] Currently still open DB connection: 0INFO  [main] (junit) [SimpleLog4jPerformanceMeasurement] Test method concerttours.jalo.ConcerttoursTest.testConcerttours succeeded. Time taken: 90.33 msINFO  [main] (junit) [LogRunListener] Finished (successful) test class concerttours.jalo.ConcerttoursTestINFO  [main] (junit) [LogRunListener]   Total run time: 0d 00h:00m:00s:098msINFO  [main] (junit) [LogRunListener]   Total tests count: 1INFO  [main] (junit) [LogRunListener]   Failed tests count: 0INFO  [main] (junit) [LogRunListener]   Ignored tests count: 0INFO  [main] (junit) [ClassLoaderOverviewRunListener] Loaded class count: 12539 diff: 113INFO  [main] (junit) [ClassLoaderOverviewRunListener] Total loaded class count: 12539 diff: 113INFO  [main] (junit) [ClassLoaderOverviewRunListener] Unloaded class count: 0 diff: 0]]]]><![CDATA[></system-out>      <system-err><![CDATA[]]]]><![CDATA[></system-err>  </testsuite>  <testsuite errors="0" failures="0" hostname="miztlis-MacBook-Pro.local" id="4" name="DefaultBandServiceIntegrationTest" package="concerttours.service.impl" tests="3" time="7.761" timestamp="2019-05-16T17:46:08">      <testcase classname="concerttours.service.impl.DefaultBandServiceIntegrationTest" name="testBandService" time="0.144" />      <testcase classname="concerttours.service.impl.DefaultBandServiceIntegrationTest" name="testFailBehavior" time="0.019" />      <testcase classname="concerttours.service.impl.DefaultBandServiceIntegrationTest" name="testBandServiceTours" time="2.59" />      <system-out><![CDATA[]]]]><![CDATA[></system-out>      <system-err><![CDATA[]]]]><![CDATA[></system-err>  </testsuite>  <testsuite errors="0" failures="0" hostname="miztlis-MacBook-Pro.local" id="5" name="DefaultConcerttoursServiceIntegrationTest" package="concerttours.service.impl" tests="1" time="5.118" timestamp="2019-05-16T17:46:21">      <testcase classname="concerttours.service.impl.DefaultConcerttoursServiceIntegrationTest" name="shouldReturnProperUrlForLogo" time="0.115" />      <system-out><![CDATA[]]]]><![CDATA[></system-out>      <system-err><![CDATA[]]]]><![CDATA[></system-err>  </testsuite></testsuites>
]]></system-out>
  </testcase>
</testsuite>